<?xml version="1.0" encoding="UTF-8"?>
<testsuite xmlns:xsi="http://www.w3.org/2001/XMLSchema-instance" xsi:noNamespaceSchemaLocation="https://maven.apache.org/surefire/maven-surefire-plugin/xsd/surefire-test-report-3.0.xsd" version="3.0" name="Runner.TestRunner" time="4.626" tests="1" errors="0" skipped="0" failures="0">
  <properties>
[...]
</properties>
  <testcase name="Submit a valid request via API Access Request Form" classname="As an app owner, I want to be able to request API access via a form so I can consume API data in my app." time="4.208">
    <system-out><![CDATA[
Scenario: Submit a valid request via API Access Request Form    &amp#27;[90m# src/test/resources/Feature/API_access_request.feature:3&amp#27;[0m
  &amp#27;[32mGiven &amp#27;[0m&amp#27;[32mI am on the api access request form page&amp#27;[0m                &amp#27;[90m# StepDefinition.APIAccessRequestSteps.i_am_on_the_api_access_request_form_page()&amp#27;[0m
  &amp#27;[32mWhen &amp#27;[0m&amp#27;[32mI fill in the api access request form with valid details&amp#27;[0m &amp#27;[90m# StepDefinition.APIAccessRequestSteps.i_fill_in_the_api_access_request_form_with_valid_details()&amp#27;[0m
  &amp#27;[32mAnd &amp#27;[0m&amp#27;[32mI submit the api access request form&amp#27;[0m                      &amp#27;[90m# StepDefinition.APIAccessRequestSteps.i_submit_the_api_access_request_form()&amp#27;[0m
  &amp#27;[32mThen &amp#27;[0m&amp#27;[32mI should see a success message&amp#27;[0m                           &amp#27;[90m# StepDefinition.APIAccessRequestSteps.i_should_see_a_success_message()&amp#27;[0m
]]></system-out>
    <system-err><![CDATA[dic. 07, 2024 8:29:49 P. M. org.openqa.selenium.devtools.CdpVersionFinder findNearestMatch
WARNING: Unable to find CDP implementation matching 131
dic. 07, 2024 8:29:49 P. M. org.openqa.selenium.chromium.ChromiumDriver lambda$new$5
WARNING: Unable to find version of CDP to use for 131.0.6778.86. You may need to include a dependency on a specific version of the CDP using something similar to `org.seleniumhq.selenium:selenium-devtools-v86:4.18.0` where the version ("v86") matches the version of the chromium-based browser you're using and the version number of the artifact is the same as Selenium's.
]]></system-err>
  </testcase>
</testsuite>